2023-09-17 14:57:52 [info]: ⚡️ SERVER API IS RUNNING http://localhost:3000
2023-09-17 14:58:35 [debug]: El ip ::1 ingreso a /noticia/
2023-09-17 14:58:40 [debug]: El ip ::1 ingreso a /noticia/
2023-09-17 14:58:52 [debug]: El ip ::1 ingreso a /noticia/
2023-09-17 14:59:21 [debug]: El ip ::1 ingreso a /noticia/03701ff6-1e5e-4407-ad71-da8bd38cd7b0
2023-09-17 14:59:21 [info]: La ip ::1 borró la noticia 03701ff6-1e5e-4407-ad71-da8bd38cd7b0
2023-09-17 14:59:27 [debug]: El ip ::1 ingreso a /noticia/
2023-09-17 15:00:28 [debug]: El ip ::1 ingreso a /noticia/
2023-09-17 15:00:42 [debug]: El ip ::1 ingreso a /noticia/
2023-09-17 15:00:44 [debug]: El ip ::1 ingreso a /noticia/
2023-09-18 19:04:57 [info]: ⚡️ SERVER API IS RUNNING http://localhost:3000
2023-09-18 19:05:00 [debug]: El ip ::1 ingreso a /noticia/
2023-09-18 19:05:49 [debug]: El ip ::1 ingreso a /noticia/
2023-09-18 19:12:20 [info]: ⚡️ SERVER API IS RUNNING http://localhost:3000
2023-09-18 19:12:23 [debug]: El ip ::1 ingreso a /comentario/
2023-09-18 19:12:30 [debug]: El ip ::1 ingreso a /noticia/
2023-09-18 19:12:48 [info]: ⚡️ SERVER API IS RUNNING http://localhost:3000
2023-09-18 19:13:03 [debug]: El ip ::1 ingreso a /noticia/
2023-09-18 19:13:13 [info]: ⚡️ SERVER API IS RUNNING http://localhost:3000
2023-09-18 19:13:15 [debug]: El ip ::1 ingreso a /noticia/
2023-09-18 19:13:20 [debug]: El ip ::1 ingreso a /comentari
2023-09-18 19:13:29 [info]: ⚡️ SERVER API IS RUNNING http://localhost:3000
2023-09-18 19:15:05 [debug]: El ip ::1 ingreso a /comentario
2023-09-18 19:15:20 [debug]: El ip ::1 ingreso a /comentario
2023-09-18 19:16:31 [debug]: El ip ::1 ingreso a /noticia/
2023-09-18 19:17:10 [debug]: El ip ::1 ingreso a /comentario
2023-09-18 19:17:13 [debug]: El ip ::1 ingreso a /noticia/
2023-09-18 19:17:56 [debug]: El ip ::1 ingreso a /noticia/
2023-09-18 19:20:27 [debug]: El ip ::1 ingreso a /noticia/791b1b6c-f711-4f46-b777-c23d9e4cf3d8
2023-09-18 19:38:52 [debug]: El ip ::1 ingreso a /noticia/64a924ce-61e2-4a3a-8084-d7759b278050
2023-09-18 19:38:58 [debug]: El ip ::1 ingreso a /noticia/64a924ce-61e2-4a3a-8084-d7759b278050
2023-09-18 19:39:03 [debug]: El ip ::1 ingreso a /comentario
2023-09-18 19:39:07 [debug]: El ip ::1 ingreso a /noticia/64a924ce-61e2-4a3a-8084-d7759b278050
2023-09-18 19:39:25 [debug]: El ip ::1 ingreso a /comentario
2023-09-18 19:39:30 [debug]: El ip ::1 ingreso a /noticia/64a924ce-61e2-4a3a-8084-d7759b278050
2023-09-18 19:39:43 [info]: ⚡️ SERVER API IS RUNNING http://localhost:3000
2023-09-18 19:41:48 [info]: ⚡️ SERVER API IS RUNNING http://localhost:3000
2023-09-18 19:42:36 [info]: ⚡️ SERVER API IS RUNNING http://localhost:3000
2023-09-18 19:42:56 [debug]: El ip ::1 ingreso a /noticia/64a924ce-61e2-4a3a-8084-d7759b278050
2023-09-18 19:42:58 [debug]: El ip ::1 ingreso a /comentario
2023-09-18 19:43:03 [debug]: El ip ::1 ingreso a /noticia/64a924ce-61e2-4a3a-8084-d7759b278050
2023-09-18 19:43:15 [debug]: El ip ::1 ingreso a /comentario
2023-09-18 19:43:19 [debug]: El ip ::1 ingreso a /comentario
2023-09-18 19:43:23 [debug]: El ip ::1 ingreso a /noticia/64a924ce-61e2-4a3a-8084-d7759b278050
2023-09-18 19:43:26 [debug]: El ip ::1 ingreso a /noticia/
2023-09-18 19:43:35 [debug]: El ip ::1 ingreso a /noticia/64a924ce-61e2-4a3a-8084-d7759b278050
2023-09-18 19:43:56 [info]: ⚡️ SERVER API IS RUNNING http://localhost:3000
2023-09-18 19:44:00 [debug]: El ip ::1 ingreso a /noticia/64a924ce-61e2-4a3a-8084-d7759b278050
2023-09-18 19:44:03 [debug]: El ip ::1 ingreso a /comentario
2023-09-18 19:44:07 [debug]: El ip ::1 ingreso a /noticia/64a924ce-61e2-4a3a-8084-d7759b278050
2023-09-18 19:44:14 [info]: ⚡️ SERVER API IS RUNNING http://localhost:3000
2023-09-18 19:46:42 [info]: ⚡️ SERVER API IS RUNNING http://localhost:3000
2023-09-18 19:46:44 [debug]: El ip ::1 ingreso a /noticia/64a924ce-61e2-4a3a-8084-d7759b278050
2023-09-18 19:46:50 [debug]: El ip ::1 ingreso a /comentario
2023-09-18 19:47:43 [debug]: El ip ::1 ingreso a /comentario
2023-09-18 19:47:46 [debug]: El ip ::1 ingreso a /noticia/64a924ce-61e2-4a3a-8084-d7759b278050
2023-09-19 21:01:37 [info]: ⚡️ SERVER API IS RUNNING http://localhost:3000
